<?xml version="1.0" encoding="UTF-8"?>
<testsuite xmlns:xsi="http://www.w3.org/2001/XMLSchema-instance" xsi:noNamespaceSchemaLocation="https://maven.apache.org/surefire/maven-surefire-plugin/xsd/surefire-test-report-3.0.xsd" version="3.0" name="com.example.Solution1Test" time="0.028" tests="5" errors="0" skipped="0" failures="0">
  <properties>
[...]
</properties>
  <testcase name="testFractionToDecimal_BoundaryCases" classname="com.example.Solution1Test" time="0.012"/>
  <testcase name="testFractionToDecimal_RepeatingDecimalResults" classname="com.example.Solution1Test" time="0.001"/>
  <testcase name="testFractionToDecimal_DecimalResults" classname="com.example.Solution1Test" time="0.0"/>
  <testcase name="testFractionToDecimal_IntegerResults" classname="com.example.Solution1Test" time="0.001"/>
  <testcase name="testFractionToDecimal_NegativeResults" classname="com.example.Solution1Test" time="0.001"/>
</testsuite>